Performing C SOURCE FILE Test HAVE_GCC_WDOCUMENTATION failed with the following output:
Change Dir: C:/Users/User/Desktop/BreakoutGameECSNew/cmake-build-debug/CMakeFiles/CMakeScratch/TryCompile-p73s93

Run Build Command(s):C:/Program Files/JetBrains/CLion 2023.1.2/bin/ninja/win/x64/ninja.exe cmTC_e60e4 && [1/2] Building C object CMakeFiles/cmTC_e60e4.dir/src.c.obj
FAILED: CMakeFiles/cmTC_e60e4.dir/src.c.obj 
C:\PROGRA~1\JETBRA~1\CLION2~1.2\bin\mingw\bin\gcc.exe -DHAVE_GCC_WDOCUMENTATION  -D_GNU_SOURCE=1 -fdiagnostics-color=always   -Wdocumentation -o CMakeFiles/cmTC_e60e4.dir/src.c.obj -c C:/Users/User/Desktop/BreakoutGameECSNew/cmake-build-debug/CMakeFiles/CMakeScratch/TryCompile-p73s93/src.c
gcc.exe: error: unrecognized command-line option '-Wdocumentation'
ninja: build stopped: subcommand failed.


Source file was:
int main(void) { return 0; }

Performing C SOURCE FILE Test HAVE_GCC_WDOCUMENTATION_UNKNOWN_COMMAND failed with the following output:
Change Dir: C:/Users/User/Desktop/BreakoutGameECSNew/cmake-build-debug/CMakeFiles/CMakeScratch/TryCompile-n3bzk7

Run Build Command(s):C:/Program Files/JetBrains/CLion 2023.1.2/bin/ninja/win/x64/ninja.exe cmTC_23347 && [1/2] Building C object CMakeFiles/cmTC_23347.dir/src.c.obj
FAILED: CMakeFiles/cmTC_23347.dir/src.c.obj 
C:\PROGRA~1\JETBRA~1\CLION2~1.2\bin\mingw\bin\gcc.exe -DHAVE_GCC_WDOCUMENTATION_UNKNOWN_COMMAND  -D_GNU_SOURCE=1 -fdiagnostics-color=always   -Wdocumentation-unknown-command -o CMakeFiles/cmTC_23347.dir/src.c.obj -c C:/Users/User/Desktop/BreakoutGameECSNew/cmake-build-debug/CMakeFiles/CMakeScratch/TryCompile-n3bzk7/src.c
gcc.exe: error: unrecognized command-line option '-Wdocumentation-unknown-command'
ninja: build stopped: subcommand failed.


Source file was:
int main(void) { return 0; }

Performing C SOURCE FILE Test HAVE_GCC_COMMENT_BLOCK_COMMANDS failed with the following output:
Change Dir: C:/Users/User/Desktop/BreakoutGameECSNew/cmake-build-debug/CMakeFiles/CMakeScratch/TryCompile-toyueh

Run Build Command(s):C:/Program Files/JetBrains/CLion 2023.1.2/bin/ninja/win/x64/ninja.exe cmTC_d343d && [1/2] Building C object CMakeFiles/cmTC_d343d.dir/src.c.obj
FAILED: CMakeFiles/cmTC_d343d.dir/src.c.obj 
C:\PROGRA~1\JETBRA~1\CLION2~1.2\bin\mingw\bin\gcc.exe -DHAVE_GCC_COMMENT_BLOCK_COMMANDS  -D_GNU_SOURCE=1 -fdiagnostics-color=always   -fcomment-block-commands=threadsafety -o CMakeFiles/cmTC_d343d.dir/src.c.obj -c C:/Users/User/Desktop/BreakoutGameECSNew/cmake-build-debug/CMakeFiles/CMakeScratch/TryCompile-toyueh/src.c
gcc.exe: error: unrecognized command-line option '-fcomment-block-commands=threadsafety'
ninja: build stopped: subcommand failed.


Source file was:
int main(void) { return 0; }

Performing C SOURCE FILE Test HAVE_CLANG_COMMENT_BLOCK_COMMANDS failed with the following output:
Change Dir: C:/Users/User/Desktop/BreakoutGameECSNew/cmake-build-debug/CMakeFiles/CMakeScratch/TryCompile-69kye1

Run Build Command(s):C:/Program Files/JetBrains/CLion 2023.1.2/bin/ninja/win/x64/ninja.exe cmTC_194bf && [1/2] Building C object CMakeFiles/cmTC_194bf.dir/src.c.obj
FAILED: CMakeFiles/cmTC_194bf.dir/src.c.obj 
C:\PROGRA~1\JETBRA~1\CLION2~1.2\bin\mingw\bin\gcc.exe -DHAVE_CLANG_COMMENT_BLOCK_COMMANDS  -D_GNU_SOURCE=1 -fdiagnostics-color=always   /clang:-fcomment-block-commands=threadsafety -o CMakeFiles/cmTC_194bf.dir/src.c.obj -c C:/Users/User/Desktop/BreakoutGameECSNew/cmake-build-debug/CMakeFiles/CMakeScratch/TryCompile-69kye1/src.c
gcc.exe: warning: /clang:-fcomment-block-commands=threadsafety: linker input file unused because linking not done
gcc.exe: error: /clang:-fcomment-block-commands=threadsafety: linker input file not found: No such file or directory
ninja: build stopped: subcommand failed.


Source file was:
int main(void) { return 0; }

Determining if the __GLIBC__ exist failed with the following output:
Change Dir: C:/Users/User/Desktop/BreakoutGameECSNew/cmake-build-debug/CMakeFiles/CMakeScratch/TryCompile-mlmzix

Run Build Command(s):C:/Program Files/JetBrains/CLion 2023.1.2/bin/ninja/win/x64/ninja.exe cmTC_a76fc && [1/2] Building C object CMakeFiles/cmTC_a76fc.dir/CheckSymbolExists.c.obj
FAILED: CMakeFiles/cmTC_a76fc.dir/CheckSymbolExists.c.obj 
C:\PROGRA~1\JETBRA~1\CLION2~1.2\bin\mingw\bin\gcc.exe   -D_GNU_SOURCE=1 -fdiagnostics-color=always -o CMakeFiles/cmTC_a76fc.dir/CheckSymbolExists.c.obj -c C:/Users/User/Desktop/BreakoutGameECSNew/cmake-build-debug/CMakeFiles/CMakeScratch/TryCompile-mlmzix/CheckSymbolExists.c
C:/Users/User/Desktop/BreakoutGameECSNew/cmake-build-debug/CMakeFiles/CMakeScratch/TryCompile-mlmzix/CheckSymbolExists.c: In function 'main':
C:/Users/User/Desktop/BreakoutGameECSNew/cmake-build-debug/CMakeFiles/CMakeScratch/TryCompile-mlmzix/CheckSymbolExists.c:8:19: error: '__GLIBC__' undeclared (first use in this function); did you mean '__LINE__'?
    8 |   return ((int*)(&__GLIBC__))[argc];
      |                   ^~~~~~~~~
      |                   __LINE__
C:/Users/User/Desktop/BreakoutGameECSNew/cmake-build-debug/CMakeFiles/CMakeScratch/TryCompile-mlmzix/CheckSymbolExists.c:8:19: note: each undeclared identifier is reported only once for each function it appears in
ninja: build stopped: subcommand failed.


File CheckSymbolExists.c:
/* */
#include <stdlib.h>

int main(int argc, char** argv)
{
  (void)argv;
#ifndef __GLIBC__
  return ((int*)(&__GLIBC__))[argc];
#else
  (void)argc;
  return 0;
#endif
}

Performing C SOURCE FILE Test HAVE_GCC_FVISIBILITY failed with the following output:
Change Dir: C:/Users/User/Desktop/BreakoutGameECSNew/cmake-build-debug/CMakeFiles/CMakeScratch/TryCompile-vjpu1a

Run Build Command(s):C:/Program Files/JetBrains/CLion 2023.1.2/bin/ninja/win/x64/ninja.exe cmTC_986b0 && [1/2] Building C object CMakeFiles/cmTC_986b0.dir/src.c.obj
FAILED: CMakeFiles/cmTC_986b0.dir/src.c.obj 
C:\PROGRA~1\JETBRA~1\CLION2~1.2\bin\mingw\bin\gcc.exe -DHAVE_GCC_FVISIBILITY  -D_GNU_SOURCE=1 -fvisibility=hidden -Werror -fdiagnostics-color=always -o CMakeFiles/cmTC_986b0.dir/src.c.obj -c C:/Users/User/Desktop/BreakoutGameECSNew/cmake-build-debug/CMakeFiles/CMakeScratch/TryCompile-vjpu1a/src.c
C:/Users/User/Desktop/BreakoutGameECSNew/cmake-build-debug/CMakeFiles/CMakeScratch/TryCompile-vjpu1a/src.c: In function 'bar':
C:/Users/User/Desktop/BreakoutGameECSNew/cmake-build-debug/CMakeFiles/CMakeScratch/TryCompile-vjpu1a/src.c:8:33: error: visibility attribute not supported in this configuration; ignored [-Werror=attributes]
    8 |       int bar(void) { return 1; }
      |                                 ^
cc1.exe: all warnings being treated as errors
ninja: build stopped: subcommand failed.


Source file was:

      #if !defined(__GNUC__) || __GNUC__ < 4
      #error SDL only uses visibility attributes in GCC 4 or newer
      #endif
      __attribute__((visibility("default"))) int foo(void);
      __attribute__((visibility("hidden")))  int bar(void);
      int foo(void) { return 0; }
      int bar(void) { return 1; }
      int main(void) { return 0; }

Determining if the include file alloca.h exists failed with the following output:
Change Dir: C:/Users/User/Desktop/BreakoutGameECSNew/cmake-build-debug/CMakeFiles/CMakeScratch/TryCompile-zanjvh

Run Build Command(s):C:/Program Files/JetBrains/CLion 2023.1.2/bin/ninja/win/x64/ninja.exe cmTC_4d48f && [1/2] Building C object CMakeFiles/cmTC_4d48f.dir/CheckIncludeFile.c.obj
FAILED: CMakeFiles/cmTC_4d48f.dir/CheckIncludeFile.c.obj 
C:\PROGRA~1\JETBRA~1\CLION2~1.2\bin\mingw\bin\gcc.exe   -D_GNU_SOURCE=1 -fdiagnostics-color=always -o CMakeFiles/cmTC_4d48f.dir/CheckIncludeFile.c.obj -c C:/Users/User/Desktop/BreakoutGameECSNew/cmake-build-debug/CMakeFiles/CMakeScratch/TryCompile-zanjvh/CheckIncludeFile.c
C:/Users/User/Desktop/BreakoutGameECSNew/cmake-build-debug/CMakeFiles/CMakeScratch/TryCompile-zanjvh/CheckIncludeFile.c:1:10: fatal error: alloca.h: No such file or directory
    1 | #include <alloca.h>
      |          ^~~~~~~~~~
compilation terminated.
ninja: build stopped: subcommand failed.



Determining if the include file iconv.h exists failed with the following output:
Change Dir: C:/Users/User/Desktop/BreakoutGameECSNew/cmake-build-debug/CMakeFiles/CMakeScratch/TryCompile-uds94b

Run Build Command(s):C:/Program Files/JetBrains/CLion 2023.1.2/bin/ninja/win/x64/ninja.exe cmTC_6b62c && [1/2] Building C object CMakeFiles/cmTC_6b62c.dir/CheckIncludeFile.c.obj
FAILED: CMakeFiles/cmTC_6b62c.dir/CheckIncludeFile.c.obj 
C:\PROGRA~1\JETBRA~1\CLION2~1.2\bin\mingw\bin\gcc.exe   -D_GNU_SOURCE=1 -fdiagnostics-color=always -o CMakeFiles/cmTC_6b62c.dir/CheckIncludeFile.c.obj -c C:/Users/User/Desktop/BreakoutGameECSNew/cmake-build-debug/CMakeFiles/CMakeScratch/TryCompile-uds94b/CheckIncludeFile.c
C:/Users/User/Desktop/BreakoutGameECSNew/cmake-build-debug/CMakeFiles/CMakeScratch/TryCompile-uds94b/CheckIncludeFile.c:1:10: fatal error: iconv.h: No such file or directory
    1 | #include <iconv.h>
      |          ^~~~~~~~~
compilation terminated.
ninja: build stopped: subcommand failed.



Performing C SOURCE FILE Test HAVE_GCC_WDOCUMENTATION failed with the following output:
Change Dir: C:/Users/User/Desktop/BreakoutGameECSNew/cmake-build-debug/CMakeFiles/CMakeScratch/TryCompile-f1i01p

Run Build Command(s):C:/Program Files/JetBrains/CLion 2023.1.2/bin/ninja/win/x64/ninja.exe cmTC_1d9fa && [1/2] Building C object CMakeFiles/cmTC_1d9fa.dir/src.c.obj
FAILED: CMakeFiles/cmTC_1d9fa.dir/src.c.obj 
C:\PROGRA~1\JETBRA~1\CLION2~1.2\bin\mingw\bin\gcc.exe -DHAVE_GCC_WDOCUMENTATION  -D_GNU_SOURCE=1 -fdiagnostics-color=always   -Wdocumentation -o CMakeFiles/cmTC_1d9fa.dir/src.c.obj -c C:/Users/User/Desktop/BreakoutGameECSNew/cmake-build-debug/CMakeFiles/CMakeScratch/TryCompile-f1i01p/src.c
gcc.exe: error: unrecognized command-line option '-Wdocumentation'
ninja: build stopped: subcommand failed.


Source file was:
int main(void) { return 0; }

Performing C SOURCE FILE Test HAVE_GCC_WDOCUMENTATION_UNKNOWN_COMMAND failed with the following output:
Change Dir: C:/Users/User/Desktop/BreakoutGameECSNew/cmake-build-debug/CMakeFiles/CMakeScratch/TryCompile-ho4h64

Run Build Command(s):C:/Program Files/JetBrains/CLion 2023.1.2/bin/ninja/win/x64/ninja.exe cmTC_e1f6e && [1/2] Building C object CMakeFiles/cmTC_e1f6e.dir/src.c.obj
FAILED: CMakeFiles/cmTC_e1f6e.dir/src.c.obj 
C:\PROGRA~1\JETBRA~1\CLION2~1.2\bin\mingw\bin\gcc.exe -DHAVE_GCC_WDOCUMENTATION_UNKNOWN_COMMAND  -D_GNU_SOURCE=1 -fdiagnostics-color=always   -Wdocumentation-unknown-command -o CMakeFiles/cmTC_e1f6e.dir/src.c.obj -c C:/Users/User/Desktop/BreakoutGameECSNew/cmake-build-debug/CMakeFiles/CMakeScratch/TryCompile-ho4h64/src.c
gcc.exe: error: unrecognized command-line option '-Wdocumentation-unknown-command'
ninja: build stopped: subcommand failed.


Source file was:
int main(void) { return 0; }

Performing C SOURCE FILE Test HAVE_GCC_COMMENT_BLOCK_COMMANDS failed with the following output:
Change Dir: C:/Users/User/Desktop/BreakoutGameECSNew/cmake-build-debug/CMakeFiles/CMakeScratch/TryCompile-8k4f7e

Run Build Command(s):C:/Program Files/JetBrains/CLion 2023.1.2/bin/ninja/win/x64/ninja.exe cmTC_19835 && [1/2] Building C object CMakeFiles/cmTC_19835.dir/src.c.obj
FAILED: CMakeFiles/cmTC_19835.dir/src.c.obj 
C:\PROGRA~1\JETBRA~1\CLION2~1.2\bin\mingw\bin\gcc.exe -DHAVE_GCC_COMMENT_BLOCK_COMMANDS  -D_GNU_SOURCE=1 -fdiagnostics-color=always   -fcomment-block-commands=threadsafety -o CMakeFiles/cmTC_19835.dir/src.c.obj -c C:/Users/User/Desktop/BreakoutGameECSNew/cmake-build-debug/CMakeFiles/CMakeScratch/TryCompile-8k4f7e/src.c
gcc.exe: error: unrecognized command-line option '-fcomment-block-commands=threadsafety'
ninja: build stopped: subcommand failed.


Source file was:
int main(void) { return 0; }

Performing C SOURCE FILE Test HAVE_CLANG_COMMENT_BLOCK_COMMANDS failed with the following output:
Change Dir: C:/Users/User/Desktop/BreakoutGameECSNew/cmake-build-debug/CMakeFiles/CMakeScratch/TryCompile-933p82

Run Build Command(s):C:/Program Files/JetBrains/CLion 2023.1.2/bin/ninja/win/x64/ninja.exe cmTC_8c5ec && [1/2] Building C object CMakeFiles/cmTC_8c5ec.dir/src.c.obj
FAILED: CMakeFiles/cmTC_8c5ec.dir/src.c.obj 
C:\PROGRA~1\JETBRA~1\CLION2~1.2\bin\mingw\bin\gcc.exe -DHAVE_CLANG_COMMENT_BLOCK_COMMANDS  -D_GNU_SOURCE=1 -fdiagnostics-color=always   /clang:-fcomment-block-commands=threadsafety -o CMakeFiles/cmTC_8c5ec.dir/src.c.obj -c C:/Users/User/Desktop/BreakoutGameECSNew/cmake-build-debug/CMakeFiles/CMakeScratch/TryCompile-933p82/src.c
gcc.exe: warning: /clang:-fcomment-block-commands=threadsafety: linker input file unused because linking not done
gcc.exe: error: /clang:-fcomment-block-commands=threadsafety: linker input file not found: No such file or directory
ninja: build stopped: subcommand failed.


Source file was:
int main(void) { return 0; }

Determining if the __GLIBC__ exist failed with the following output:
Change Dir: C:/Users/User/Desktop/BreakoutGameECSNew/cmake-build-debug/CMakeFiles/CMakeScratch/TryCompile-m0b5zg

Run Build Command(s):C:/Program Files/JetBrains/CLion 2023.1.2/bin/ninja/win/x64/ninja.exe cmTC_2cf28 && [1/2] Building C object CMakeFiles/cmTC_2cf28.dir/CheckSymbolExists.c.obj
FAILED: CMakeFiles/cmTC_2cf28.dir/CheckSymbolExists.c.obj 
C:\PROGRA~1\JETBRA~1\CLION2~1.2\bin\mingw\bin\gcc.exe   -D_GNU_SOURCE=1 -fdiagnostics-color=always -o CMakeFiles/cmTC_2cf28.dir/CheckSymbolExists.c.obj -c C:/Users/User/Desktop/BreakoutGameECSNew/cmake-build-debug/CMakeFiles/CMakeScratch/TryCompile-m0b5zg/CheckSymbolExists.c
C:/Users/User/Desktop/BreakoutGameECSNew/cmake-build-debug/CMakeFiles/CMakeScratch/TryCompile-m0b5zg/CheckSymbolExists.c: In function 'main':
C:/Users/User/Desktop/BreakoutGameECSNew/cmake-build-debug/CMakeFiles/CMakeScratch/TryCompile-m0b5zg/CheckSymbolExists.c:8:19: error: '__GLIBC__' undeclared (first use in this function); did you mean '__LINE__'?
    8 |   return ((int*)(&__GLIBC__))[argc];
      |                   ^~~~~~~~~
      |                   __LINE__
C:/Users/User/Desktop/BreakoutGameECSNew/cmake-build-debug/CMakeFiles/CMakeScratch/TryCompile-m0b5zg/CheckSymbolExists.c:8:19: note: each undeclared identifier is reported only once for each function it appears in
ninja: build stopped: subcommand failed.


File CheckSymbolExists.c:
/* */
#include <stdlib.h>

int main(int argc, char** argv)
{
  (void)argv;
#ifndef __GLIBC__
  return ((int*)(&__GLIBC__))[argc];
#else
  (void)argc;
  return 0;
#endif
}

Performing C SOURCE FILE Test HAVE_GCC_FVISIBILITY failed with the following output:
Change Dir: C:/Users/User/Desktop/BreakoutGameECSNew/cmake-build-debug/CMakeFiles/CMakeScratch/TryCompile-7zyv0y

Run Build Command(s):C:/Program Files/JetBrains/CLion 2023.1.2/bin/ninja/win/x64/ninja.exe cmTC_ad039 && [1/2] Building C object CMakeFiles/cmTC_ad039.dir/src.c.obj
FAILED: CMakeFiles/cmTC_ad039.dir/src.c.obj 
C:\PROGRA~1\JETBRA~1\CLION2~1.2\bin\mingw\bin\gcc.exe -DHAVE_GCC_FVISIBILITY  -D_GNU_SOURCE=1 -fvisibility=hidden -Werror -fdiagnostics-color=always -o CMakeFiles/cmTC_ad039.dir/src.c.obj -c C:/Users/User/Desktop/BreakoutGameECSNew/cmake-build-debug/CMakeFiles/CMakeScratch/TryCompile-7zyv0y/src.c
C:/Users/User/Desktop/BreakoutGameECSNew/cmake-build-debug/CMakeFiles/CMakeScratch/TryCompile-7zyv0y/src.c: In function 'bar':
C:/Users/User/Desktop/BreakoutGameECSNew/cmake-build-debug/CMakeFiles/CMakeScratch/TryCompile-7zyv0y/src.c:8:33: error: visibility attribute not supported in this configuration; ignored [-Werror=attributes]
    8 |       int bar(void) { return 1; }
      |                                 ^
cc1.exe: all warnings being treated as errors
ninja: build stopped: subcommand failed.


Source file was:

      #if !defined(__GNUC__) || __GNUC__ < 4
      #error SDL only uses visibility attributes in GCC 4 or newer
      #endif
      __attribute__((visibility("default"))) int foo(void);
      __attribute__((visibility("hidden")))  int bar(void);
      int foo(void) { return 0; }
      int bar(void) { return 1; }
      int main(void) { return 0; }

Determining if the include file alloca.h exists failed with the following output:
Change Dir: C:/Users/User/Desktop/BreakoutGameECSNew/cmake-build-debug/CMakeFiles/CMakeScratch/TryCompile-xa01on

Run Build Command(s):C:/Program Files/JetBrains/CLion 2023.1.2/bin/ninja/win/x64/ninja.exe cmTC_c17d6 && [1/2] Building C object CMakeFiles/cmTC_c17d6.dir/CheckIncludeFile.c.obj
FAILED: CMakeFiles/cmTC_c17d6.dir/CheckIncludeFile.c.obj 
C:\PROGRA~1\JETBRA~1\CLION2~1.2\bin\mingw\bin\gcc.exe   -D_GNU_SOURCE=1 -fdiagnostics-color=always -o CMakeFiles/cmTC_c17d6.dir/CheckIncludeFile.c.obj -c C:/Users/User/Desktop/BreakoutGameECSNew/cmake-build-debug/CMakeFiles/CMakeScratch/TryCompile-xa01on/CheckIncludeFile.c
C:/Users/User/Desktop/BreakoutGameECSNew/cmake-build-debug/CMakeFiles/CMakeScratch/TryCompile-xa01on/CheckIncludeFile.c:1:10: fatal error: alloca.h: No such file or directory
    1 | #include <alloca.h>
      |          ^~~~~~~~~~
compilation terminated.
ninja: build stopped: subcommand failed.



Determining if the include file iconv.h exists failed with the following output:
Change Dir: C:/Users/User/Desktop/BreakoutGameECSNew/cmake-build-debug/CMakeFiles/CMakeScratch/TryCompile-a6v89h

Run Build Command(s):C:/Program Files/JetBrains/CLion 2023.1.2/bin/ninja/win/x64/ninja.exe cmTC_d439d && [1/2] Building C object CMakeFiles/cmTC_d439d.dir/CheckIncludeFile.c.obj
FAILED: CMakeFiles/cmTC_d439d.dir/CheckIncludeFile.c.obj 
C:\PROGRA~1\JETBRA~1\CLION2~1.2\bin\mingw\bin\gcc.exe   -D_GNU_SOURCE=1 -fdiagnostics-color=always -o CMakeFiles/cmTC_d439d.dir/CheckIncludeFile.c.obj -c C:/Users/User/Desktop/BreakoutGameECSNew/cmake-build-debug/CMakeFiles/CMakeScratch/TryCompile-a6v89h/CheckIncludeFile.c
C:/Users/User/Desktop/BreakoutGameECSNew/cmake-build-debug/CMakeFiles/CMakeScratch/TryCompile-a6v89h/CheckIncludeFile.c:1:10: fatal error: iconv.h: No such file or directory
    1 | #include <iconv.h>
      |          ^~~~~~~~~
compilation terminated.
ninja: build stopped: subcommand failed.



Determining if the bcopy exist failed with the following output:
Change Dir: C:/Users/User/Desktop/BreakoutGameECSNew/cmake-build-debug/CMakeFiles/CMakeScratch/TryCompile-17kfp0

Run Build Command(s):C:/Program Files/JetBrains/CLion 2023.1.2/bin/ninja/win/x64/ninja.exe cmTC_39f5c && [1/2] Building C object CMakeFiles/cmTC_39f5c.dir/CheckSymbolExists.c.obj
FAILED: CMakeFiles/cmTC_39f5c.dir/CheckSymbolExists.c.obj 
C:\PROGRA~1\JETBRA~1\CLION2~1.2\bin\mingw\bin\gcc.exe   -D_GNU_SOURCE=1 -fdiagnostics-color=always -o CMakeFiles/cmTC_39f5c.dir/CheckSymbolExists.c.obj -c C:/Users/User/Desktop/BreakoutGameECSNew/cmake-build-debug/CMakeFiles/CMakeScratch/TryCompile-17kfp0/CheckSymbolExists.c
C:/Users/User/Desktop/BreakoutGameECSNew/cmake-build-debug/CMakeFiles/CMakeScratch/TryCompile-17kfp0/CheckSymbolExists.c: In function 'main':
C:/Users/User/Desktop/BreakoutGameECSNew/cmake-build-debug/CMakeFiles/CMakeScratch/TryCompile-17kfp0/CheckSymbolExists.c:25:19: error: 'bcopy' undeclared (first use in this function)
   25 |   return ((int*)(&bcopy))[argc];
      |                   ^~~~~
C:/Users/User/Desktop/BreakoutGameECSNew/cmake-build-debug/CMakeFiles/CMakeScratch/TryCompile-17kfp0/CheckSymbolExists.c:25:19: note: each undeclared identifier is reported only once for each function it appears in
ninja: build stopped: subcommand failed.


File CheckSymbolExists.c:
/* */
#include <float.h>
#include <inttypes.h>
#include <limits.h>
#include <malloc.h>
#include <math.h>
#include <memory.h>
#include <signal.h>
#include <stdarg.h>
#include <stdbool.h>
#include <stddef.h>
#include <stdint.h>
#include <stdio.h>
#include <stdlib.h>
#include <string.h>
#include <strings.h>
#include <sys/types.h>
#include <time.h>
#include <wchar.h>

int main(int argc, char** argv)
{
  (void)argv;
#ifndef bcopy
  return ((int*)(&bcopy))[argc];
#else
  (void)argc;
  return 0;
#endif
}

Determining if the index exist failed with the following output:
Change Dir: C:/Users/User/Desktop/BreakoutGameECSNew/cmake-build-debug/CMakeFiles/CMakeScratch/TryCompile-8uy7z6

Run Build Command(s):C:/Program Files/JetBrains/CLion 2023.1.2/bin/ninja/win/x64/ninja.exe cmTC_f3a53 && [1/2] Building C object CMakeFiles/cmTC_f3a53.dir/CheckSymbolExists.c.obj
FAILED: CMakeFiles/cmTC_f3a53.dir/CheckSymbolExists.c.obj 
C:\PROGRA~1\JETBRA~1\CLION2~1.2\bin\mingw\bin\gcc.exe   -D_GNU_SOURCE=1 -fdiagnostics-color=always -o CMakeFiles/cmTC_f3a53.dir/CheckSymbolExists.c.obj -c C:/Users/User/Desktop/BreakoutGameECSNew/cmake-build-debug/CMakeFiles/CMakeScratch/TryCompile-8uy7z6/CheckSymbolExists.c
C:/Users/User/Desktop/BreakoutGameECSNew/cmake-build-debug/CMakeFiles/CMakeScratch/TryCompile-8uy7z6/CheckSymbolExists.c: In function 'main':
C:/Users/User/Desktop/BreakoutGameECSNew/cmake-build-debug/CMakeFiles/CMakeScratch/TryCompile-8uy7z6/CheckSymbolExists.c:25:19: error: 'index' undeclared (first use in this function)
   25 |   return ((int*)(&index))[argc];
      |                   ^~~~~
C:/Users/User/Desktop/BreakoutGameECSNew/cmake-build-debug/CMakeFiles/CMakeScratch/TryCompile-8uy7z6/CheckSymbolExists.c:25:19: note: each undeclared identifier is reported only once for each function it appears in
ninja: build stopped: subcommand failed.


File CheckSymbolExists.c:
/* */
#include <float.h>
#include <inttypes.h>
#include <limits.h>
#include <malloc.h>
#include <math.h>
#include <memory.h>
#include <signal.h>
#include <stdarg.h>
#include <stdbool.h>
#include <stddef.h>
#include <stdint.h>
#include <stdio.h>
#include <stdlib.h>
#include <string.h>
#include <strings.h>
#include <sys/types.h>
#include <time.h>
#include <wchar.h>

int main(int argc, char** argv)
{
  (void)argv;
#ifndef index
  return ((int*)(&index))[argc];
#else
  (void)argc;
  return 0;
#endif
}

Determining if the rindex exist failed with the following output:
Change Dir: C:/Users/User/Desktop/BreakoutGameECSNew/cmake-build-debug/CMakeFiles/CMakeScratch/TryCompile-luq3a3

Run Build Command(s):C:/Program Files/JetBrains/CLion 2023.1.2/bin/ninja/win/x64/ninja.exe cmTC_4345a && [1/2] Building C object CMakeFiles/cmTC_4345a.dir/CheckSymbolExists.c.obj
FAILED: CMakeFiles/cmTC_4345a.dir/CheckSymbolExists.c.obj 
C:\PROGRA~1\JETBRA~1\CLION2~1.2\bin\mingw\bin\gcc.exe   -D_GNU_SOURCE=1 -fdiagnostics-color=always -o CMakeFiles/cmTC_4345a.dir/CheckSymbolExists.c.obj -c C:/Users/User/Desktop/BreakoutGameECSNew/cmake-build-debug/CMakeFiles/CMakeScratch/TryCompile-luq3a3/CheckSymbolExists.c
C:/Users/User/Desktop/BreakoutGameECSNew/cmake-build-debug/CMakeFiles/CMakeScratch/TryCompile-luq3a3/CheckSymbolExists.c: In function 'main':
C:/Users/User/Desktop/BreakoutGameECSNew/cmake-build-debug/CMakeFiles/CMakeScratch/TryCompile-luq3a3/CheckSymbolExists.c:25:19: error: 'rindex' undeclared (first use in this function)
   25 |   return ((int*)(&rindex))[argc];
      |                   ^~~~~~
C:/Users/User/Desktop/BreakoutGameECSNew/cmake-build-debug/CMakeFiles/CMakeScratch/TryCompile-luq3a3/CheckSymbolExists.c:25:19: note: each undeclared identifier is reported only once for each function it appears in
ninja: build stopped: subcommand failed.


File CheckSymbolExists.c:
/* */
#include <float.h>
#include <inttypes.h>
#include <limits.h>
#include <malloc.h>
#include <math.h>
#include <memory.h>
#include <signal.h>
#include <stdarg.h>
#include <stdbool.h>
#include <stddef.h>
#include <stdint.h>
#include <stdio.h>
#include <stdlib.h>
#include <string.h>
#include <strings.h>
#include <sys/types.h>
#include <time.h>
#include <wchar.h>

int main(int argc, char** argv)
{
  (void)argv;
#ifndef rindex
  return ((int*)(&rindex))[argc];
#else
  (void)argc;
  return 0;
#endif
}

Determining if the setenv exist failed with the following output:
Change Dir: C:/Users/User/Desktop/BreakoutGameECSNew/cmake-build-debug/CMakeFiles/CMakeScratch/TryCompile-eze1j3

Run Build Command(s):C:/Program Files/JetBrains/CLion 2023.1.2/bin/ninja/win/x64/ninja.exe cmTC_1d4ca && [1/2] Building C object CMakeFiles/cmTC_1d4ca.dir/CheckSymbolExists.c.obj
FAILED: CMakeFiles/cmTC_1d4ca.dir/CheckSymbolExists.c.obj 
C:\PROGRA~1\JETBRA~1\CLION2~1.2\bin\mingw\bin\gcc.exe   -D_GNU_SOURCE=1 -fdiagnostics-color=always -o CMakeFiles/cmTC_1d4ca.dir/CheckSymbolExists.c.obj -c C:/Users/User/Desktop/BreakoutGameECSNew/cmake-build-debug/CMakeFiles/CMakeScratch/TryCompile-eze1j3/CheckSymbolExists.c
C:/Users/User/Desktop/BreakoutGameECSNew/cmake-build-debug/CMakeFiles/CMakeScratch/TryCompile-eze1j3/CheckSymbolExists.c: In function 'main':
C:/Users/User/Desktop/BreakoutGameECSNew/cmake-build-debug/CMakeFiles/CMakeScratch/TryCompile-eze1j3/CheckSymbolExists.c:25:19: error: 'setenv' undeclared (first use in this function); did you mean 'getenv'?
   25 |   return ((int*)(&setenv))[argc];
      |                   ^~~~~~
      |                   getenv
C:/Users/User/Desktop/BreakoutGameECSNew/cmake-build-debug/CMakeFiles/CMakeScratch/TryCompile-eze1j3/CheckSymbolExists.c:25:19: note: each undeclared identifier is reported only once for each function it appears in
ninja: build stopped: subcommand failed.


File CheckSymbolExists.c:
/* */
#include <float.h>
#include <inttypes.h>
#include <limits.h>
#include <malloc.h>
#include <math.h>
#include <memory.h>
#include <signal.h>
#include <stdarg.h>
#include <stdbool.h>
#include <stddef.h>
#include <stdint.h>
#include <stdio.h>
#include <stdlib.h>
#include <string.h>
#include <strings.h>
#include <sys/types.h>
#include <time.h>
#include <wchar.h>

int main(int argc, char** argv)
{
  (void)argv;
#ifndef setenv
  return ((int*)(&setenv))[argc];
#else
  (void)argc;
  return 0;
#endif
}

Determining if the sqr exist failed with the following output:
Change Dir: C:/Users/User/Desktop/BreakoutGameECSNew/cmake-build-debug/CMakeFiles/CMakeScratch/TryCompile-80mv07

Run Build Command(s):C:/Program Files/JetBrains/CLion 2023.1.2/bin/ninja/win/x64/ninja.exe cmTC_05056 && [1/2] Building C object CMakeFiles/cmTC_05056.dir/CheckSymbolExists.c.obj
FAILED: CMakeFiles/cmTC_05056.dir/CheckSymbolExists.c.obj 
C:\PROGRA~1\JETBRA~1\CLION2~1.2\bin\mingw\bin\gcc.exe   -D_GNU_SOURCE=1 -fdiagnostics-color=always -o CMakeFiles/cmTC_05056.dir/CheckSymbolExists.c.obj -c C:/Users/User/Desktop/BreakoutGameECSNew/cmake-build-debug/CMakeFiles/CMakeScratch/TryCompile-80mv07/CheckSymbolExists.c
C:/Users/User/Desktop/BreakoutGameECSNew/cmake-build-debug/CMakeFiles/CMakeScratch/TryCompile-80mv07/CheckSymbolExists.c: In function 'main':
C:/Users/User/Desktop/BreakoutGameECSNew/cmake-build-debug/CMakeFiles/CMakeScratch/TryCompile-80mv07/CheckSymbolExists.c:25:19: error: 'sqr' undeclared (first use in this function); did you mean 'sqrt'?
   25 |   return ((int*)(&sqr))[argc];
      |                   ^~~
      |                   sqrt
C:/Users/User/Desktop/BreakoutGameECSNew/cmake-build-debug/CMakeFiles/CMakeScratch/TryCompile-80mv07/CheckSymbolExists.c:25:19: note: each undeclared identifier is reported only once for each function it appears in
ninja: build stopped: subcommand failed.


File CheckSymbolExists.c:
/* */
#include <float.h>
#include <inttypes.h>
#include <limits.h>
#include <malloc.h>
#include <math.h>
#include <memory.h>
#include <signal.h>
#include <stdarg.h>
#include <stdbool.h>
#include <stddef.h>
#include <stdint.h>
#include <stdio.h>
#include <stdlib.h>
#include <string.h>
#include <strings.h>
#include <sys/types.h>
#include <time.h>
#include <wchar.h>

int main(int argc, char** argv)
{
  (void)argv;
#ifndef sqr
  return ((int*)(&sqr))[argc];
#else
  (void)argc;
  return 0;
#endif
}

Determining if the strlcat exist failed with the following output:
Change Dir: C:/Users/User/Desktop/BreakoutGameECSNew/cmake-build-debug/CMakeFiles/CMakeScratch/TryCompile-sds8c2

Run Build Command(s):C:/Program Files/JetBrains/CLion 2023.1.2/bin/ninja/win/x64/ninja.exe cmTC_4a76a && [1/2] Building C object CMakeFiles/cmTC_4a76a.dir/CheckSymbolExists.c.obj
FAILED: CMakeFiles/cmTC_4a76a.dir/CheckSymbolExists.c.obj 
C:\PROGRA~1\JETBRA~1\CLION2~1.2\bin\mingw\bin\gcc.exe   -D_GNU_SOURCE=1 -fdiagnostics-color=always -o CMakeFiles/cmTC_4a76a.dir/CheckSymbolExists.c.obj -c C:/Users/User/Desktop/BreakoutGameECSNew/cmake-build-debug/CMakeFiles/CMakeScratch/TryCompile-sds8c2/CheckSymbolExists.c
C:/Users/User/Desktop/BreakoutGameECSNew/cmake-build-debug/CMakeFiles/CMakeScratch/TryCompile-sds8c2/CheckSymbolExists.c: In function 'main':
C:/Users/User/Desktop/BreakoutGameECSNew/cmake-build-debug/CMakeFiles/CMakeScratch/TryCompile-sds8c2/CheckSymbolExists.c:25:19: error: 'strlcat' undeclared (first use in this function); did you mean 'strncat'?
   25 |   return ((int*)(&strlcat))[argc];
      |                   ^~~~~~~
      |                   strncat
C:/Users/User/Desktop/BreakoutGameECSNew/cmake-build-debug/CMakeFiles/CMakeScratch/TryCompile-sds8c2/CheckSymbolExists.c:25:19: note: each undeclared identifier is reported only once for each function it appears in
ninja: build stopped: subcommand failed.


File CheckSymbolExists.c:
/* */
#include <float.h>
#include <inttypes.h>
#include <limits.h>
#include <malloc.h>
#include <math.h>
#include <memory.h>
#include <signal.h>
#include <stdarg.h>
#include <stdbool.h>
#include <stddef.h>
#include <stdint.h>
#include <stdio.h>
#include <stdlib.h>
#include <string.h>
#include <strings.h>
#include <sys/types.h>
#include <time.h>
#include <wchar.h>

int main(int argc, char** argv)
{
  (void)argv;
#ifndef strlcat
  return ((int*)(&strlcat))[argc];
#else
  (void)argc;
  return 0;
#endif
}

Determining if the strlcpy exist failed with the following output:
Change Dir: C:/Users/User/Desktop/BreakoutGameECSNew/cmake-build-debug/CMakeFiles/CMakeScratch/TryCompile-x6fgo7

Run Build Command(s):C:/Program Files/JetBrains/CLion 2023.1.2/bin/ninja/win/x64/ninja.exe cmTC_0539b && [1/2] Building C object CMakeFiles/cmTC_0539b.dir/CheckSymbolExists.c.obj
FAILED: CMakeFiles/cmTC_0539b.dir/CheckSymbolExists.c.obj 
C:\PROGRA~1\JETBRA~1\CLION2~1.2\bin\mingw\bin\gcc.exe   -D_GNU_SOURCE=1 -fdiagnostics-color=always -o CMakeFiles/cmTC_0539b.dir/CheckSymbolExists.c.obj -c C:/Users/User/Desktop/BreakoutGameECSNew/cmake-build-debug/CMakeFiles/CMakeScratch/TryCompile-x6fgo7/CheckSymbolExists.c
C:/Users/User/Desktop/BreakoutGameECSNew/cmake-build-debug/CMakeFiles/CMakeScratch/TryCompile-x6fgo7/CheckSymbolExists.c: In function 'main':
C:/Users/User/Desktop/BreakoutGameECSNew/cmake-build-debug/CMakeFiles/CMakeScratch/TryCompile-x6fgo7/CheckSymbolExists.c:25:19: error: 'strlcpy' undeclared (first use in this function); did you mean 'strncpy'?
   25 |   return ((int*)(&strlcpy))[argc];
      |                   ^~~~~~~
      |                   strncpy
C:/Users/User/Desktop/BreakoutGameECSNew/cmake-build-debug/CMakeFiles/CMakeScratch/TryCompile-x6fgo7/CheckSymbolExists.c:25:19: note: each undeclared identifier is reported only once for each function it appears in
ninja: build stopped: subcommand failed.


File CheckSymbolExists.c:
/* */
#include <float.h>
#include <inttypes.h>
#include <limits.h>
#include <malloc.h>
#include <math.h>
#include <memory.h>
#include <signal.h>
#include <stdarg.h>
#include <stdbool.h>
#include <stddef.h>
#include <stdint.h>
#include <stdio.h>
#include <stdlib.h>
#include <string.h>
#include <strings.h>
#include <sys/types.h>
#include <time.h>
#include <wchar.h>

int main(int argc, char** argv)
{
  (void)argv;
#ifndef strlcpy
  return ((int*)(&strlcpy))[argc];
#else
  (void)argc;
  return 0;
#endif
}

Determining if the strnstr exist failed with the following output:
Change Dir: C:/Users/User/Desktop/BreakoutGameECSNew/cmake-build-debug/CMakeFiles/CMakeScratch/TryCompile-gcw8ms

Run Build Command(s):C:/Program Files/JetBrains/CLion 2023.1.2/bin/ninja/win/x64/ninja.exe cmTC_ad6ec && [1/2] Building C object CMakeFiles/cmTC_ad6ec.dir/CheckSymbolExists.c.obj
FAILED: CMakeFiles/cmTC_ad6ec.dir/CheckSymbolExists.c.obj 
C:\PROGRA~1\JETBRA~1\CLION2~1.2\bin\mingw\bin\gcc.exe   -D_GNU_SOURCE=1 -fdiagnostics-color=always -o CMakeFiles/cmTC_ad6ec.dir/CheckSymbolExists.c.obj -c C:/Users/User/Desktop/BreakoutGameECSNew/cmake-build-debug/CMakeFiles/CMakeScratch/TryCompile-gcw8ms/CheckSymbolExists.c
C:/Users/User/Desktop/BreakoutGameECSNew/cmake-build-debug/CMakeFiles/CMakeScratch/TryCompile-gcw8ms/CheckSymbolExists.c: In function 'main':
C:/Users/User/Desktop/BreakoutGameECSNew/cmake-build-debug/CMakeFiles/CMakeScratch/TryCompile-gcw8ms/CheckSymbolExists.c:25:19: error: 'strnstr' undeclared (first use in this function); did you mean 'strstr'?
   25 |   return ((int*)(&strnstr))[argc];
      |                   ^~~~~~~
      |                   strstr
C:/Users/User/Desktop/BreakoutGameECSNew/cmake-build-debug/CMakeFiles/CMakeScratch/TryCompile-gcw8ms/CheckSymbolExists.c:25:19: note: each undeclared identifier is reported only once for each function it appears in
ninja: build stopped: subcommand failed.


File CheckSymbolExists.c:
/* */
#include <float.h>
#include <inttypes.h>
#include <limits.h>
#include <malloc.h>
#include <math.h>
#include <memory.h>
#include <signal.h>
#include <stdarg.h>
#include <stdbool.h>
#include <stddef.h>
#include <stdint.h>
#include <stdio.h>
#include <stdlib.h>
#include <string.h>
#include <strings.h>
#include <sys/types.h>
#include <time.h>
#include <wchar.h>

int main(int argc, char** argv)
{
  (void)argv;
#ifndef strnstr
  return ((int*)(&strnstr))[argc];
#else
  (void)argc;
  return 0;
#endif
}

Determining if the unsetenv exist failed with the following output:
Change Dir: C:/Users/User/Desktop/BreakoutGameECSNew/cmake-build-debug/CMakeFiles/CMakeScratch/TryCompile-vtsw0q

Run Build Command(s):C:/Program Files/JetBrains/CLion 2023.1.2/bin/ninja/win/x64/ninja.exe cmTC_e5368 && [1/2] Building C object CMakeFiles/cmTC_e5368.dir/CheckSymbolExists.c.obj
FAILED: CMakeFiles/cmTC_e5368.dir/CheckSymbolExists.c.obj 
C:\PROGRA~1\JETBRA~1\CLION2~1.2\bin\mingw\bin\gcc.exe   -D_GNU_SOURCE=1 -fdiagnostics-color=always -o CMakeFiles/cmTC_e5368.dir/CheckSymbolExists.c.obj -c C:/Users/User/Desktop/BreakoutGameECSNew/cmake-build-debug/CMakeFiles/CMakeScratch/TryCompile-vtsw0q/CheckSymbolExists.c
C:/Users/User/Desktop/BreakoutGameECSNew/cmake-build-debug/CMakeFiles/CMakeScratch/TryCompile-vtsw0q/CheckSymbolExists.c: In function 'main':
C:/Users/User/Desktop/BreakoutGameECSNew/cmake-build-debug/CMakeFiles/CMakeScratch/TryCompile-vtsw0q/CheckSymbolExists.c:25:19: error: 'unsetenv' undeclared (first use in this function)
   25 |   return ((int*)(&unsetenv))[argc];
      |                   ^~~~~~~~
C:/Users/User/Desktop/BreakoutGameECSNew/cmake-build-debug/CMakeFiles/CMakeScratch/TryCompile-vtsw0q/CheckSymbolExists.c:25:19: note: each undeclared identifier is reported only once for each function it appears in
ninja: build stopped: subcommand failed.


File CheckSymbolExists.c:
/* */
#include <float.h>
#include <inttypes.h>
#include <limits.h>
#include <malloc.h>
#include <math.h>
#include <memory.h>
#include <signal.h>
#include <stdarg.h>
#include <stdbool.h>
#include <stddef.h>
#include <stdint.h>
#include <stdio.h>
#include <stdlib.h>
#include <string.h>
#include <strings.h>
#include <sys/types.h>
#include <time.h>
#include <wchar.h>

int main(int argc, char** argv)
{
  (void)argv;
#ifndef unsetenv
  return ((int*)(&unsetenv))[argc];
#else
  (void)argc;
  return 0;
#endif
}

Determining if the wcslcat exist failed with the following output:
Change Dir: C:/Users/User/Desktop/BreakoutGameECSNew/cmake-build-debug/CMakeFiles/CMakeScratch/TryCompile-poyihq

Run Build Command(s):C:/Program Files/JetBrains/CLion 2023.1.2/bin/ninja/win/x64/ninja.exe cmTC_beafa && [1/2] Building C object CMakeFiles/cmTC_beafa.dir/CheckSymbolExists.c.obj
FAILED: CMakeFiles/cmTC_beafa.dir/CheckSymbolExists.c.obj 
C:\PROGRA~1\JETBRA~1\CLION2~1.2\bin\mingw\bin\gcc.exe   -D_GNU_SOURCE=1 -fdiagnostics-color=always -o CMakeFiles/cmTC_beafa.dir/CheckSymbolExists.c.obj -c C:/Users/User/Desktop/BreakoutGameECSNew/cmake-build-debug/CMakeFiles/CMakeScratch/TryCompile-poyihq/CheckSymbolExists.c
C:/Users/User/Desktop/BreakoutGameECSNew/cmake-build-debug/CMakeFiles/CMakeScratch/TryCompile-poyihq/CheckSymbolExists.c: In function 'main':
C:/Users/User/Desktop/BreakoutGameECSNew/cmake-build-debug/CMakeFiles/CMakeScratch/TryCompile-poyihq/CheckSymbolExists.c:25:19: error: 'wcslcat' undeclared (first use in this function); did you mean 'wcsncat'?
   25 |   return ((int*)(&wcslcat))[argc];
      |                   ^~~~~~~
      |                   wcsncat
C:/Users/User/Desktop/BreakoutGameECSNew/cmake-build-debug/CMakeFiles/CMakeScratch/TryCompile-poyihq/CheckSymbolExists.c:25:19: note: each undeclared identifier is reported only once for each function it appears in
ninja: build stopped: subcommand failed.


File CheckSymbolExists.c:
/* */
#include <float.h>
#include <inttypes.h>
#include <limits.h>
#include <malloc.h>
#include <math.h>
#include <memory.h>
#include <signal.h>
#include <stdarg.h>
#include <stdbool.h>
#include <stddef.h>
#include <stdint.h>
#include <stdio.h>
#include <stdlib.h>
#include <string.h>
#include <strings.h>
#include <sys/types.h>
#include <time.h>
#include <wchar.h>

int main(int argc, char** argv)
{
  (void)argv;
#ifndef wcslcat
  return ((int*)(&wcslcat))[argc];
#else
  (void)argc;
  return 0;
#endif
}

Determining if the wcslcpy exist failed with the following output:
Change Dir: C:/Users/User/Desktop/BreakoutGameECSNew/cmake-build-debug/CMakeFiles/CMakeScratch/TryCompile-elkf8n

Run Build Command(s):C:/Program Files/JetBrains/CLion 2023.1.2/bin/ninja/win/x64/ninja.exe cmTC_a9c78 && [1/2] Building C object CMakeFiles/cmTC_a9c78.dir/CheckSymbolExists.c.obj
FAILED: CMakeFiles/cmTC_a9c78.dir/CheckSymbolExists.c.obj 
C:\PROGRA~1\JETBRA~1\CLION2~1.2\bin\mingw\bin\gcc.exe   -D_GNU_SOURCE=1 -fdiagnostics-color=always -o CMakeFiles/cmTC_a9c78.dir/CheckSymbolExists.c.obj -c C:/Users/User/Desktop/BreakoutGameECSNew/cmake-build-debug/CMakeFiles/CMakeScratch/TryCompile-elkf8n/CheckSymbolExists.c
C:/Users/User/Desktop/BreakoutGameECSNew/cmake-build-debug/CMakeFiles/CMakeScratch/TryCompile-elkf8n/CheckSymbolExists.c: In function 'main':
C:/Users/User/Desktop/BreakoutGameECSNew/cmake-build-debug/CMakeFiles/CMakeScratch/TryCompile-elkf8n/CheckSymbolExists.c:25:19: error: 'wcslcpy' undeclared (first use in this function); did you mean 'wcsncpy'?
   25 |   return ((int*)(&wcslcpy))[argc];
      |                   ^~~~~~~
      |                   wcsncpy
C:/Users/User/Desktop/BreakoutGameECSNew/cmake-build-debug/CMakeFiles/CMakeScratch/TryCompile-elkf8n/CheckSymbolExists.c:25:19: note: each undeclared identifier is reported only once for each function it appears in
ninja: build stopped: subcommand failed.


File CheckSymbolExists.c:
/* */
#include <float.h>
#include <inttypes.h>
#include <limits.h>
#include <malloc.h>
#include <math.h>
#include <memory.h>
#include <signal.h>
#include <stdarg.h>
#include <stdbool.h>
#include <stddef.h>
#include <stdint.h>
#include <stdio.h>
#include <stdlib.h>
#include <string.h>
#include <strings.h>
#include <sys/types.h>
#include <time.h>
#include <wchar.h>

int main(int argc, char** argv)
{
  (void)argv;
#ifndef wcslcpy
  return ((int*)(&wcslcpy))[argc];
#else
  (void)argc;
  return 0;
#endif
}

Determining if the _uitoa exist failed with the following output:
Change Dir: C:/Users/User/Desktop/BreakoutGameECSNew/cmake-build-debug/CMakeFiles/CMakeScratch/TryCompile-n2nxc4

Run Build Command(s):C:/Program Files/JetBrains/CLion 2023.1.2/bin/ninja/win/x64/ninja.exe cmTC_cc791 && [1/2] Building C object CMakeFiles/cmTC_cc791.dir/CheckSymbolExists.c.obj
FAILED: CMakeFiles/cmTC_cc791.dir/CheckSymbolExists.c.obj 
C:\PROGRA~1\JETBRA~1\CLION2~1.2\bin\mingw\bin\gcc.exe   -D_GNU_SOURCE=1 -fdiagnostics-color=always -o CMakeFiles/cmTC_cc791.dir/CheckSymbolExists.c.obj -c C:/Users/User/Desktop/BreakoutGameECSNew/cmake-build-debug/CMakeFiles/CMakeScratch/TryCompile-n2nxc4/CheckSymbolExists.c
C:/Users/User/Desktop/BreakoutGameECSNew/cmake-build-debug/CMakeFiles/CMakeScratch/TryCompile-n2nxc4/CheckSymbolExists.c: In function 'main':
C:/Users/User/Desktop/BreakoutGameECSNew/cmake-build-debug/CMakeFiles/CMakeScratch/TryCompile-n2nxc4/CheckSymbolExists.c:25:19: error: '_uitoa' undeclared (first use in this function); did you mean '_ultoa'?
   25 |   return ((int*)(&_uitoa))[argc];
      |                   ^~~~~~
      |                   _ultoa
C:/Users/User/Desktop/BreakoutGameECSNew/cmake-build-debug/CMakeFiles/CMakeScratch/TryCompile-n2nxc4/CheckSymbolExists.c:25:19: note: each undeclared identifier is reported only once for each function it appears in
ninja: build stopped: subcommand failed.


File CheckSymbolExists.c:
/* */
#include <float.h>
#include <inttypes.h>
#include <limits.h>
#include <malloc.h>
#include <math.h>
#include <memory.h>
#include <signal.h>
#include <stdarg.h>
#include <stdbool.h>
#include <stddef.h>
#include <stdint.h>
#include <stdio.h>
#include <stdlib.h>
#include <string.h>
#include <strings.h>
#include <sys/types.h>
#include <time.h>
#include <wchar.h>

int main(int argc, char** argv)
{
  (void)argv;
#ifndef _uitoa
  return ((int*)(&_uitoa))[argc];
#else
  (void)argc;
  return 0;
#endif
}

Performing C SOURCE FILE Test LIBC_HAS_ISINF failed with the following output:
Change Dir: C:/Users/User/Desktop/BreakoutGameECSNew/cmake-build-debug/CMakeFiles/CMakeScratch/TryCompile-dxgv46

Run Build Command(s):C:/Program Files/JetBrains/CLion 2023.1.2/bin/ninja/win/x64/ninja.exe cmTC_698ff && [1/2] Building C object CMakeFiles/cmTC_698ff.dir/src.c.obj
FAILED: CMakeFiles/cmTC_698ff.dir/src.c.obj 
C:\PROGRA~1\JETBRA~1\CLION2~1.2\bin\mingw\bin\gcc.exe -DLIBC_HAS_ISINF  -D_GNU_SOURCE=1 -Wfloat-conversion -Werror -fdiagnostics-color=always -o CMakeFiles/cmTC_698ff.dir/src.c.obj -c C:/Users/User/Desktop/BreakoutGameECSNew/cmake-build-debug/CMakeFiles/CMakeScratch/TryCompile-dxgv46/src.c
In file included from C:/Users/User/Desktop/BreakoutGameECSNew/cmake-build-debug/CMakeFiles/CMakeScratch/TryCompile-dxgv46/src.c:2:
C:/Users/User/Desktop/BreakoutGameECSNew/cmake-build-debug/CMakeFiles/CMakeScratch/TryCompile-dxgv46/src.c: In function 'main':
C:/Users/User/Desktop/BreakoutGameECSNew/cmake-build-debug/CMakeFiles/CMakeScratch/TryCompile-dxgv46/src.c:5:24: error: conversion from 'double' to 'float' may change value [-Werror=float-conversion]
    5 |           return isinf(d);
      |                        ^
cc1.exe: all warnings being treated as errors
ninja: build stopped: subcommand failed.


Source file was:

        #include <math.h>
        int main() {
          double d = 3.14159;
          return isinf(d);
        }
      

Performing C SOURCE FILE Test LIBC_HAS_ISINFF failed with the following output:
Change Dir: C:/Users/User/Desktop/BreakoutGameECSNew/cmake-build-debug/CMakeFiles/CMakeScratch/TryCompile-kqg2md

Run Build Command(s):C:/Program Files/JetBrains/CLion 2023.1.2/bin/ninja/win/x64/ninja.exe cmTC_7a253 && [1/2] Building C object CMakeFiles/cmTC_7a253.dir/src.c.obj
FAILED: CMakeFiles/cmTC_7a253.dir/src.c.obj 
C:\PROGRA~1\JETBRA~1\CLION2~1.2\bin\mingw\bin\gcc.exe -DLIBC_HAS_ISINFF  -D_GNU_SOURCE=1 -Wfloat-conversion -Werror -fdiagnostics-color=always -o CMakeFiles/cmTC_7a253.dir/src.c.obj -c C:/Users/User/Desktop/BreakoutGameECSNew/cmake-build-debug/CMakeFiles/CMakeScratch/TryCompile-kqg2md/src.c
C:/Users/User/Desktop/BreakoutGameECSNew/cmake-build-debug/CMakeFiles/CMakeScratch/TryCompile-kqg2md/src.c: In function 'main':
C:/Users/User/Desktop/BreakoutGameECSNew/cmake-build-debug/CMakeFiles/CMakeScratch/TryCompile-kqg2md/src.c:5:16: error: implicit declaration of function 'isinff' [-Werror=implicit-function-declaration]
    5 |         return isinff(f);
      |                ^~~~~~
C:/Users/User/Desktop/BreakoutGameECSNew/cmake-build-debug/CMakeFiles/CMakeScratch/TryCompile-kqg2md/src.c:5:16: error: incompatible implicit declaration of built-in function 'isinff' [-Werror=builtin-declaration-mismatch]
cc1.exe: all warnings being treated as errors
ninja: build stopped: subcommand failed.


Source file was:

      #include <math.h>
      int main() {
        float f = 3.14159f;
        return isinff(f);
      }
    

Performing C SOURCE FILE Test LIBC_HAS_ISNAN failed with the following output:
Change Dir: C:/Users/User/Desktop/BreakoutGameECSNew/cmake-build-debug/CMakeFiles/CMakeScratch/TryCompile-eewjg6

Run Build Command(s):C:/Program Files/JetBrains/CLion 2023.1.2/bin/ninja/win/x64/ninja.exe cmTC_db868 && [1/2] Building C object CMakeFiles/cmTC_db868.dir/src.c.obj
FAILED: CMakeFiles/cmTC_db868.dir/src.c.obj 
C:\PROGRA~1\JETBRA~1\CLION2~1.2\bin\mingw\bin\gcc.exe -DLIBC_HAS_ISNAN  -D_GNU_SOURCE=1 -Wfloat-conversion -Werror -fdiagnostics-color=always -o CMakeFiles/cmTC_db868.dir/src.c.obj -c C:/Users/User/Desktop/BreakoutGameECSNew/cmake-build-debug/CMakeFiles/CMakeScratch/TryCompile-eewjg6/src.c
In file included from C:/Users/User/Desktop/BreakoutGameECSNew/cmake-build-debug/CMakeFiles/CMakeScratch/TryCompile-eewjg6/src.c:2:
C:/Users/User/Desktop/BreakoutGameECSNew/cmake-build-debug/CMakeFiles/CMakeScratch/TryCompile-eewjg6/src.c: In function 'main':
C:/Users/User/Desktop/BreakoutGameECSNew/cmake-build-debug/CMakeFiles/CMakeScratch/TryCompile-eewjg6/src.c:5:24: error: conversion from 'double' to 'float' may change value [-Werror=float-conversion]
    5 |           return isnan(d);
      |                        ^
cc1.exe: all warnings being treated as errors
ninja: build stopped: subcommand failed.


Source file was:

        #include <math.h>
        int main() {
          double d = 3.14159;
          return isnan(d);
        }
      

Performing C SOURCE FILE Test LIBC_HAS_ISNANF failed with the following output:
Change Dir: C:/Users/User/Desktop/BreakoutGameECSNew/cmake-build-debug/CMakeFiles/CMakeScratch/TryCompile-ebmss4

Run Build Command(s):C:/Program Files/JetBrains/CLion 2023.1.2/bin/ninja/win/x64/ninja.exe cmTC_c353e && [1/2] Building C object CMakeFiles/cmTC_c353e.dir/src.c.obj
FAILED: CMakeFiles/cmTC_c353e.dir/src.c.obj 
C:\PROGRA~1\JETBRA~1\CLION2~1.2\bin\mingw\bin\gcc.exe -DLIBC_HAS_ISNANF  -D_GNU_SOURCE=1 -Wfloat-conversion -Werror -fdiagnostics-color=always -o CMakeFiles/cmTC_c353e.dir/src.c.obj -c C:/Users/User/Desktop/BreakoutGameECSNew/cmake-build-debug/CMakeFiles/CMakeScratch/TryCompile-ebmss4/src.c
C:/Users/User/Desktop/BreakoutGameECSNew/cmake-build-debug/CMakeFiles/CMakeScratch/TryCompile-ebmss4/src.c: In function 'main':
C:/Users/User/Desktop/BreakoutGameECSNew/cmake-build-debug/CMakeFiles/CMakeScratch/TryCompile-ebmss4/src.c:5:16: error: implicit declaration of function 'isnanf' [-Werror=implicit-function-declaration]
    5 |         return isnanf(f);
      |                ^~~~~~
C:/Users/User/Desktop/BreakoutGameECSNew/cmake-build-debug/CMakeFiles/CMakeScratch/TryCompile-ebmss4/src.c:5:16: error: incompatible implicit declaration of built-in function 'isnanf' [-Werror=builtin-declaration-mismatch]
cc1.exe: all warnings being treated as errors
ninja: build stopped: subcommand failed.


Source file was:

      #include <math.h>
      int main() {
        float f = 3.14159f;
        return isnanf(f);
      }
    

Performing C SOURCE FILE Test HAVE_WINDOWS_GAMING_INPUT_H failed with the following output:
Change Dir: C:/Users/User/Desktop/BreakoutGameECSNew/cmake-build-debug/CMakeFiles/CMakeScratch/TryCompile-u3lush

Run Build Command(s):C:/Program Files/JetBrains/CLion 2023.1.2/bin/ninja/win/x64/ninja.exe cmTC_87f92 && [1/2] Building C object CMakeFiles/cmTC_87f92.dir/src.c.obj
FAILED: CMakeFiles/cmTC_87f92.dir/src.c.obj 
C:\PROGRA~1\JETBRA~1\CLION2~1.2\bin\mingw\bin\gcc.exe -DHAVE_WINDOWS_GAMING_INPUT_H  -D_GNU_SOURCE=1 -fdiagnostics-color=always -o CMakeFiles/cmTC_87f92.dir/src.c.obj -c C:/Users/User/Desktop/BreakoutGameECSNew/cmake-build-debug/CMakeFiles/CMakeScratch/TryCompile-u3lush/src.c
C:/Users/User/Desktop/BreakoutGameECSNew/cmake-build-debug/CMakeFiles/CMakeScratch/TryCompile-u3lush/src.c:3:14: fatal error: windows.gaming.input.h: No such file or directory
    3 |     #include <windows.gaming.input.h>
      |              ^~~~~~~~~~~~~~~~~~~~~~~~
compilation terminated.
ninja: build stopped: subcommand failed.


Source file was:

    #define COBJMACROS
    #include <windows.gaming.input.h>
    static __x_ABI_CWindows_CGaming_CInput_CIGamepadStatics2 *s2;
    int main(int argc, char **argv) { return 0; }

Performing C SOURCE FILE Test HAVE_GAMEINPUT_H failed with the following output:
Change Dir: C:/Users/User/Desktop/BreakoutGameECSNew/cmake-build-debug/CMakeFiles/CMakeScratch/TryCompile-orx7il

Run Build Command(s):C:/Program Files/JetBrains/CLion 2023.1.2/bin/ninja/win/x64/ninja.exe cmTC_074d6 && [1/2] Building C object CMakeFiles/cmTC_074d6.dir/src.c.obj
FAILED: CMakeFiles/cmTC_074d6.dir/src.c.obj 
C:\PROGRA~1\JETBRA~1\CLION2~1.2\bin\mingw\bin\gcc.exe -DHAVE_GAMEINPUT_H  -D_GNU_SOURCE=1 -fdiagnostics-color=always -o CMakeFiles/cmTC_074d6.dir/src.c.obj -c C:/Users/User/Desktop/BreakoutGameECSNew/cmake-build-debug/CMakeFiles/CMakeScratch/TryCompile-orx7il/src.c
C:/Users/User/Desktop/BreakoutGameECSNew/cmake-build-debug/CMakeFiles/CMakeScratch/TryCompile-orx7il/src.c:4:14: fatal error: gameinput.h: No such file or directory
    4 |     #include <gameinput.h>
      |              ^~~~~~~~~~~~~
compilation terminated.
ninja: build stopped: subcommand failed.


Source file was:

    #include <stdbool.h>
    #define COBJMACROS
    #include <gameinput.h>
    int main(int argc, char **argv) { return 0; }

Determining if the include file shobjidl_core.h exists failed with the following output:
Change Dir: C:/Users/User/Desktop/BreakoutGameECSNew/cmake-build-debug/CMakeFiles/CMakeScratch/TryCompile-4hlkyt

Run Build Command(s):C:/Program Files/JetBrains/CLion 2023.1.2/bin/ninja/win/x64/ninja.exe cmTC_f2a8b && [1/2] Building C object CMakeFiles/cmTC_f2a8b.dir/CheckIncludeFile.c.obj
FAILED: CMakeFiles/cmTC_f2a8b.dir/CheckIncludeFile.c.obj 
C:\PROGRA~1\JETBRA~1\CLION2~1.2\bin\mingw\bin\gcc.exe   -D_GNU_SOURCE=1 -fdiagnostics-color=always -o CMakeFiles/cmTC_f2a8b.dir/CheckIncludeFile.c.obj -c C:/Users/User/Desktop/BreakoutGameECSNew/cmake-build-debug/CMakeFiles/CMakeScratch/TryCompile-4hlkyt/CheckIncludeFile.c
C:/Users/User/Desktop/BreakoutGameECSNew/cmake-build-debug/CMakeFiles/CMakeScratch/TryCompile-4hlkyt/CheckIncludeFile.c:1:10: fatal error: shobjidl_core.h: No such file or directory
    1 | #include <shobjidl_core.h>
      |          ^~~~~~~~~~~~~~~~~
compilation terminated.
ninja: build stopped: subcommand failed.



